<?xml version="1.0" encoding="UTF-8"?>
<!-- Generated by org.testng.reporters.JUnitXMLReporter -->
<testsuite ignored="2" hostname="sumanth-HP-15-Notebook-PC" failures="0" tests="1" name="Default test" time="24.994" errors="0" timestamp="2023-02-24T15:02:19 IST">
  <testcase classname="seleniumpom.pom.tests.VideoResultsTest" name="searchResultTestUsingMapData" time="17.142"/>
  <testcase classname="seleniumpom.pom.tests.VideoResultsTest" name="test1" time="0.0">
    <ignored/>
  </testcase> <!-- test1 -->
  <testcase classname="seleniumpom.pom.tests.VideoResultsTest" name="displayAllContentsInHashMap" time="0.0">
    <ignored/>
  </testcase> <!-- displayAllContentsInHashMap -->
</testsuite> <!-- Default test -->
