<?xml version="1.0" encoding="UTF-8"?>
<!-- Generated by org.testng.reporters.JUnitXMLReporter -->
<testsuite ignored="0" hostname="sumanth-HP-15-Notebook-PC" failures="0" tests="4" name="Test" time="43.233" errors="0" timestamp="2023-02-22T14:58:37 IST">
  <testcase classname="seleniumpom.pom.tests.Parallel" name="test3" time="26.456"/>
  <testcase classname="seleniumpom.pom.tests.Parallel" name="test4" time="27.656"/>
  <testcase classname="seleniumpom.pom.tests.Parallel" name="test2" time="29.534"/>
  <testcase classname="seleniumpom.pom.tests.Parallel" name="test1" time="31.264"/>
</testsuite> <!-- Test -->
