<?xml version="1.0" encoding="UTF-8"?>
<testng-results ignored="2" total="3" passed="1" failed="0" skipped="0">
  <reporter-output>
  </reporter-output>
  <suite started-at="2023-02-24T15:01:54 IST" name="Default suite" finished-at="2023-02-24T15:02:19 IST" duration-ms="24994">
    <groups>
    </groups>
    <test started-at="2023-02-24T15:01:54 IST" name="Default test" finished-at="2023-02-24T15:02:19 IST" duration-ms="24994">
      <class name="seleniumpom.pom.tests.VideoResultsTest">
        <test-method is-config="true" signature="setup()[pri:0, instance:seleniumpom.pom.tests.VideoResultsTest@201a4587]" started-at="2023-02-24T15:01:54 IST" name="setup" finished-at="2023-02-24T15:02:01 IST" duration-ms="7399" status="PASS">
          <reporter-output>
          </reporter-output>
        </test-method> <!-- setup -->
        <test-method signature="searchResultTestUsingMapData()[pri:0, instance:seleniumpom.pom.tests.VideoResultsTest@201a4587]" started-at="2023-02-24T15:02:01 IST" name="searchResultTestUsingMapData" finished-at="2023-02-24T15:02:19 IST" duration-ms="17142" status="PASS">
          <reporter-output>
          </reporter-output>
        </test-method> <!-- searchResultTestUsingMapData -->
        <test-method is-config="true" signature="teardown()[pri:0, instance:seleniumpom.pom.tests.VideoResultsTest@201a4587]" started-at="2023-02-24T15:02:19 IST" name="teardown" finished-at="2023-02-24T15:02:19 IST" duration-ms="262" status="PASS">
          <reporter-output>
          </reporter-output>
        </test-method> <!-- teardown -->
      </class> <!-- seleniumpom.pom.tests.VideoResultsTest -->
    </test> <!-- Default test -->
  </suite> <!-- Default suite -->
</testng-results>
